Analysis & Synthesis report for MyFIFO1024x8
Sat Aug 03 18:20:49 2019
Quartus Prime Version 18.1.1 Build 646 04/11/2019 SJ Standard Edition


---------------------
; Table of Contents ;
---------------------
  1. Legal Notice
  2. Analysis & Synthesis Summary
  3. Analysis & Synthesis Settings
  4. Parallel Compilation
  5. Analysis & Synthesis Source Files Read
  6. Analysis & Synthesis Resource Usage Summary
  7. Analysis & Synthesis Resource Utilization by Entity
  8. Analysis & Synthesis RAM Summary
  9. Analysis & Synthesis IP Cores Summary
 10. General Register Statistics
 11. Inverted Register Statistics
 12. Source assignments for bram_1024x8:U_bram_1024x8|altsyncram:altsyncram_component|altsyncram_pms1:auto_generated
 13. Parameter Settings for User Entity Instance: Top-level Entity: |MyFIFO1024x8
 14. Parameter Settings for User Entity Instance: MyFIFO_Ctrl:U_MyFIFO_Ctrl
 15. Parameter Settings for User Entity Instance: MyFIFO_Ctrl:U_MyFIFO_Ctrl|Norm2Gray:U1_Norm2Gray
 16. Parameter Settings for User Entity Instance: MyFIFO_Ctrl:U_MyFIFO_Ctrl|Norm2Gray:U2_Norm2Gray
 17. Parameter Settings for User Entity Instance: MyFIFO_Ctrl:U_MyFIFO_Ctrl|Gray2Norm:U1_Gray2Norm
 18. Parameter Settings for User Entity Instance: MyFIFO_Ctrl:U_MyFIFO_Ctrl|Gray2Norm:U2_Gray2Norm
 19. Parameter Settings for User Entity Instance: bram_1024x8:U_bram_1024x8|altsyncram:altsyncram_component
 20. altsyncram Parameter Settings by Entity Instance
 21. Port Connectivity Checks: "MyFIFO_Ctrl:U_MyFIFO_Ctrl"
 22. Post-Synthesis Netlist Statistics for Top Partition
 23. Elapsed Time Per Partition
 24. Analysis & Synthesis Messages



----------------
; Legal Notice ;
----------------
Copyright (C) 2019  Intel Corporation. All rights reserved.
Your use of Intel Corporation's design tools, logic functions 
and other software and tools, and any partner logic 
functions, and any output files from any of the foregoing 
(including device programming or simulation files), and any 
associated documentation or information are expressly subject 
to the terms and conditions of the Intel Program License 
Subscription Agreement, the Intel Quartus Prime License Agreement,
the Intel FPGA IP License Agreement, or other applicable license
agreement, including, without limitation, that your use is for
the sole purpose of programming logic devices manufactured by
Intel and sold by Intel or its authorized distributors.  Please
refer to the applicable agreement for further details, at
https://fpgasoftware.intel.com/eula.



+-----------------------------------------------------------------------------------+
; Analysis & Synthesis Summary                                                      ;
+---------------------------------+-------------------------------------------------+
; Analysis & Synthesis Status     ; Successful - Sat Aug 03 18:20:49 2019           ;
; Quartus Prime Version           ; 18.1.1 Build 646 04/11/2019 SJ Standard Edition ;
; Revision Name                   ; MyFIFO1024x8                                    ;
; Top-level Entity Name           ; MyFIFO1024x8                                    ;
; Family                          ; Cyclone V                                       ;
; Logic utilization (in ALMs)     ; N/A                                             ;
; Total registers                 ; 97                                              ;
; Total pins                      ; 31                                              ;
; Total virtual pins              ; 0                                               ;
; Total block memory bits         ; 8,192                                           ;
; Total DSP Blocks                ; 0                                               ;
; Total HSSI RX PCSs              ; 0                                               ;
; Total HSSI PMA RX Deserializers ; 0                                               ;
; Total HSSI TX PCSs              ; 0                                               ;
; Total HSSI PMA TX Serializers   ; 0                                               ;
; Total PLLs                      ; 0                                               ;
; Total DLLs                      ; 0                                               ;
+---------------------------------+-------------------------------------------------+


+---------------------------------------------------------------------------------------------------------------------------+
; Analysis & Synthesis Settings                                                                                             ;
+---------------------------------------------------------------------------------+--------------------+--------------------+
; Option                                                                          ; Setting            ; Default Value      ;
+---------------------------------------------------------------------------------+--------------------+--------------------+
; Device                                                                          ; 5CSEMA5F31C6       ;                    ;
; Top-level entity name                                                           ; MyFIFO1024x8       ; MyFIFO1024x8       ;
; Family name                                                                     ; Cyclone V          ; Cyclone V          ;
; Use smart compilation                                                           ; Off                ; Off                ;
; Enable parallel Assembler and Timing Analyzer during compilation                ; On                 ; On                 ;
; Enable compact report table                                                     ; Off                ; Off                ;
; Restructure Multiplexers                                                        ; Auto               ; Auto               ;
; MLAB Add Timing Constraints For Mixed-Port Feed-Through Mode Setting Don't Care ; Off                ; Off                ;
; Create Debugging Nodes for IP Cores                                             ; Off                ; Off                ;
; Preserve fewer node names                                                       ; On                 ; On                 ;
; Intel FPGA IP Evaluation Mode                                                   ; Enable             ; Enable             ;
; Verilog Version                                                                 ; Verilog_2001       ; Verilog_2001       ;
; VHDL Version                                                                    ; VHDL_1993          ; VHDL_1993          ;
; State Machine Processing                                                        ; Auto               ; Auto               ;
; Safe State Machine                                                              ; Off                ; Off                ;
; Extract Verilog State Machines                                                  ; On                 ; On                 ;
; Extract VHDL State Machines                                                     ; On                 ; On                 ;
; Ignore Verilog initial constructs                                               ; Off                ; Off                ;
; Iteration limit for constant Verilog loops                                      ; 5000               ; 5000               ;
; Iteration limit for non-constant Verilog loops                                  ; 250                ; 250                ;
; Add Pass-Through Logic to Inferred RAMs                                         ; On                 ; On                 ;
; Infer RAMs from Raw Logic                                                       ; On                 ; On                 ;
; Parallel Synthesis                                                              ; On                 ; On                 ;
; DSP Block Balancing                                                             ; Auto               ; Auto               ;
; NOT Gate Push-Back                                                              ; On                 ; On                 ;
; Power-Up Don't Care                                                             ; On                 ; On                 ;
; Remove Redundant Logic Cells                                                    ; Off                ; Off                ;
; Remove Duplicate Registers                                                      ; On                 ; On                 ;
; Ignore CARRY Buffers                                                            ; Off                ; Off                ;
; Ignore CASCADE Buffers                                                          ; Off                ; Off                ;
; Ignore GLOBAL Buffers                                                           ; Off                ; Off                ;
; Ignore ROW GLOBAL Buffers                                                       ; Off                ; Off                ;
; Ignore LCELL Buffers                                                            ; Off                ; Off                ;
; Ignore SOFT Buffers                                                             ; On                 ; On                 ;
; Limit AHDL Integers to 32 Bits                                                  ; Off                ; Off                ;
; Optimization Technique                                                          ; Balanced           ; Balanced           ;
; Carry Chain Length                                                              ; 70                 ; 70                 ;
; Auto Carry Chains                                                               ; On                 ; On                 ;
; Auto Open-Drain Pins                                                            ; On                 ; On                 ;
; Perform WYSIWYG Primitive Resynthesis                                           ; Off                ; Off                ;
; Auto ROM Replacement                                                            ; On                 ; On                 ;
; Auto RAM Replacement                                                            ; On                 ; On                 ;
; Auto DSP Block Replacement                                                      ; On                 ; On                 ;
; Auto Shift Register Replacement                                                 ; Auto               ; Auto               ;
; Allow Shift Register Merging across Hierarchies                                 ; Auto               ; Auto               ;
; Auto Clock Enable Replacement                                                   ; On                 ; On                 ;
; Strict RAM Replacement                                                          ; Off                ; Off                ;
; Allow Synchronous Control Signals                                               ; On                 ; On                 ;
; Force Use of Synchronous Clear Signals                                          ; Off                ; Off                ;
; Auto Resource Sharing                                                           ; Off                ; Off                ;
; Allow Any RAM Size For Recognition                                              ; Off                ; Off                ;
; Allow Any ROM Size For Recognition                                              ; Off                ; Off                ;
; Allow Any Shift Register Size For Recognition                                   ; Off                ; Off                ;
; Use LogicLock Constraints during Resource Balancing                             ; On                 ; On                 ;
; Ignore translate_off and synthesis_off directives                               ; Off                ; Off                ;
; Timing-Driven Synthesis                                                         ; On                 ; On                 ;
; Report Parameter Settings                                                       ; On                 ; On                 ;
; Report Source Assignments                                                       ; On                 ; On                 ;
; Report Connectivity Checks                                                      ; On                 ; On                 ;
; Ignore Maximum Fan-Out Assignments                                              ; Off                ; Off                ;
; Synchronization Register Chain Length                                           ; 3                  ; 3                  ;
; Power Optimization During Synthesis                                             ; Normal compilation ; Normal compilation ;
; HDL message level                                                               ; Level2             ; Level2             ;
; Suppress Register Optimization Related Messages                                 ; Off                ; Off                ;
; Number of Removed Registers Reported in Synthesis Report                        ; 5000               ; 5000               ;
; Number of Swept Nodes Reported in Synthesis Report                              ; 5000               ; 5000               ;
; Number of Inverted Registers Reported in Synthesis Report                       ; 100                ; 100                ;
; Clock MUX Protection                                                            ; On                 ; On                 ;
; Auto Gated Clock Conversion                                                     ; Off                ; Off                ;
; Block Design Naming                                                             ; Auto               ; Auto               ;
; SDC constraint protection                                                       ; Off                ; Off                ;
; Synthesis Effort                                                                ; Auto               ; Auto               ;
; Shift Register Replacement - Allow Asynchronous Clear Signal                    ; On                 ; On                 ;
; Pre-Mapping Resynthesis Optimization                                            ; Off                ; Off                ;
; Analysis & Synthesis Message Level                                              ; Medium             ; Medium             ;
; Disable Register Merging Across Hierarchies                                     ; Auto               ; Auto               ;
; Resource Aware Inference For Block RAM                                          ; On                 ; On                 ;
; Automatic Parallel Synthesis                                                    ; On                 ; On                 ;
; Partial Reconfiguration Bitstream ID                                            ; Off                ; Off                ;
+---------------------------------------------------------------------------------+--------------------+--------------------+


+------------------------------------------+
; Parallel Compilation                     ;
+----------------------------+-------------+
; Processors                 ; Number      ;
+----------------------------+-------------+
; Number detected on machine ; 4           ;
; Maximum allowed            ; 4           ;
;                            ;             ;
; Average used               ; 1.00        ;
; Maximum used               ; 4           ;
;                            ;             ;
; Usage by Processor         ; % Time Used ;
;     Processor 1            ; 100.0%      ;
;     Processors 2-4         ;   0.0%      ;
+----------------------------+-------------+


+------------------------------------------------------------------------------------------------------------------------------------------------------------------------------+
; Analysis & Synthesis Source Files Read                                                                                                                                       ;
+----------------------------------+-----------------+------------------------------+--------------------------------------------------------------------------------+---------+
; File Name with User-Entered Path ; Used in Netlist ; File Type                    ; File Name with Absolute Path                                                   ; Library ;
+----------------------------------+-----------------+------------------------------+--------------------------------------------------------------------------------+---------+
; ../../NGM_Lib.v                  ; yes             ; User Verilog HDL File        ; C:/Users/xuboy/Desktop/sdram/src/fifo/NGM_Lib.v                                ;         ;
; ../../MyFIFO1024x8.v             ; yes             ; User Verilog HDL File        ; C:/Users/xuboy/Desktop/sdram/src/fifo/MyFIFO1024x8.v                           ;         ;
; ../../MyFIFO_Ctrl.v              ; yes             ; User Verilog HDL File        ; C:/Users/xuboy/Desktop/sdram/src/fifo/MyFIFO_Ctrl.v                            ;         ;
; bram_1024x8.v                    ; yes             ; User Wizard-Generated File   ; C:/Users/xuboy/Desktop/sdram/src/fifo/proj/MyFIFO1024x8/bram_1024x8.v          ;         ;
; altsyncram.tdf                   ; yes             ; Megafunction                 ; c:/eda/intelfpga/18.1/quartus/libraries/megafunctions/altsyncram.tdf           ;         ;
; stratix_ram_block.inc            ; yes             ; Megafunction                 ; c:/eda/intelfpga/18.1/quartus/libraries/megafunctions/stratix_ram_block.inc    ;         ;
; lpm_mux.inc                      ; yes             ; Megafunction                 ; c:/eda/intelfpga/18.1/quartus/libraries/megafunctions/lpm_mux.inc              ;         ;
; lpm_decode.inc                   ; yes             ; Megafunction                 ; c:/eda/intelfpga/18.1/quartus/libraries/megafunctions/lpm_decode.inc           ;         ;
; aglobal181.inc                   ; yes             ; Megafunction                 ; c:/eda/intelfpga/18.1/quartus/libraries/megafunctions/aglobal181.inc           ;         ;
; a_rdenreg.inc                    ; yes             ; Megafunction                 ; c:/eda/intelfpga/18.1/quartus/libraries/megafunctions/a_rdenreg.inc            ;         ;
; altrom.inc                       ; yes             ; Megafunction                 ; c:/eda/intelfpga/18.1/quartus/libraries/megafunctions/altrom.inc               ;         ;
; altram.inc                       ; yes             ; Megafunction                 ; c:/eda/intelfpga/18.1/quartus/libraries/megafunctions/altram.inc               ;         ;
; altdpram.inc                     ; yes             ; Megafunction                 ; c:/eda/intelfpga/18.1/quartus/libraries/megafunctions/altdpram.inc             ;         ;
; db/altsyncram_pms1.tdf           ; yes             ; Auto-Generated Megafunction  ; C:/Users/xuboy/Desktop/sdram/src/fifo/proj/MyFIFO1024x8/db/altsyncram_pms1.tdf ;         ;
+----------------------------------+-----------------+------------------------------+--------------------------------------------------------------------------------+---------+


+-----------------------------------------------------------+
; Analysis & Synthesis Resource Usage Summary               ;
+---------------------------------------------+-------------+
; Resource                                    ; Usage       ;
+---------------------------------------------+-------------+
; Estimate of Logic utilization (ALMs needed) ; 53          ;
;                                             ;             ;
; Combinational ALUT usage for logic          ; 77          ;
;     -- 7 input functions                    ; 0           ;
;     -- 6 input functions                    ; 4           ;
;     -- 5 input functions                    ; 4           ;
;     -- 4 input functions                    ; 4           ;
;     -- <=3 input functions                  ; 65          ;
;                                             ;             ;
; Dedicated logic registers                   ; 97          ;
;                                             ;             ;
; I/O pins                                    ; 31          ;
; Total MLAB memory bits                      ; 0           ;
; Total block memory bits                     ; 8192        ;
;                                             ;             ;
; Total DSP Blocks                            ; 0           ;
;                                             ;             ;
; Maximum fan-out node                        ; Rst_n~input ;
; Maximum fan-out                             ; 97          ;
; Total fan-out                               ; 760         ;
; Average fan-out                             ; 3.11        ;
+---------------------------------------------+-------------+


+----------------------------------------------------------------------------------------------------------------------------------------------------------------------------------------------------------------------------------------------------------------------------------------------+
; Analysis & Synthesis Resource Utilization by Entity                                                                                                                                                                                                                                          ;
+-------------------------------------------+---------------------+---------------------------+-------------------+------------+------+--------------+--------------------------------------------------------------------------------------------------------+-----------------+--------------+
; Compilation Hierarchy Node                ; Combinational ALUTs ; Dedicated Logic Registers ; Block Memory Bits ; DSP Blocks ; Pins ; Virtual Pins ; Full Hierarchy Name                                                                                    ; Entity Name     ; Library Name ;
+-------------------------------------------+---------------------+---------------------------+-------------------+------------+------+--------------+--------------------------------------------------------------------------------------------------------+-----------------+--------------+
; |MyFIFO1024x8                             ; 77 (0)              ; 97 (0)                    ; 8192              ; 0          ; 31   ; 0            ; |MyFIFO1024x8                                                                                          ; MyFIFO1024x8    ; work         ;
;    |MyFIFO_Ctrl:U_MyFIFO_Ctrl|            ; 77 (45)             ; 97 (97)                   ; 0                 ; 0          ; 0    ; 0            ; |MyFIFO1024x8|MyFIFO_Ctrl:U_MyFIFO_Ctrl                                                                ; MyFIFO_Ctrl     ; work         ;
;       |Gray2Norm:U1_Gray2Norm|            ; 9 (9)               ; 0 (0)                     ; 0                 ; 0          ; 0    ; 0            ; |MyFIFO1024x8|MyFIFO_Ctrl:U_MyFIFO_Ctrl|Gray2Norm:U1_Gray2Norm                                         ; Gray2Norm       ; work         ;
;       |Gray2Norm:U2_Gray2Norm|            ; 8 (8)               ; 0 (0)                     ; 0                 ; 0          ; 0    ; 0            ; |MyFIFO1024x8|MyFIFO_Ctrl:U_MyFIFO_Ctrl|Gray2Norm:U2_Gray2Norm                                         ; Gray2Norm       ; work         ;
;       |Norm2Gray:U1_Norm2Gray|            ; 7 (7)               ; 0 (0)                     ; 0                 ; 0          ; 0    ; 0            ; |MyFIFO1024x8|MyFIFO_Ctrl:U_MyFIFO_Ctrl|Norm2Gray:U1_Norm2Gray                                         ; Norm2Gray       ; work         ;
;       |Norm2Gray:U2_Norm2Gray|            ; 8 (8)               ; 0 (0)                     ; 0                 ; 0          ; 0    ; 0            ; |MyFIFO1024x8|MyFIFO_Ctrl:U_MyFIFO_Ctrl|Norm2Gray:U2_Norm2Gray                                         ; Norm2Gray       ; work         ;
;    |bram_1024x8:U_bram_1024x8|            ; 0 (0)               ; 0 (0)                     ; 8192              ; 0          ; 0    ; 0            ; |MyFIFO1024x8|bram_1024x8:U_bram_1024x8                                                                ; bram_1024x8     ; work         ;
;       |altsyncram:altsyncram_component|   ; 0 (0)               ; 0 (0)                     ; 8192              ; 0          ; 0    ; 0            ; |MyFIFO1024x8|bram_1024x8:U_bram_1024x8|altsyncram:altsyncram_component                                ; altsyncram      ; work         ;
;          |altsyncram_pms1:auto_generated| ; 0 (0)               ; 0 (0)                     ; 8192              ; 0          ; 0    ; 0            ; |MyFIFO1024x8|bram_1024x8:U_bram_1024x8|altsyncram:altsyncram_component|altsyncram_pms1:auto_generated ; altsyncram_pms1 ; work         ;
+-------------------------------------------+---------------------+---------------------------+-------------------+------------+------+--------------+--------------------------------------------------------------------------------------------------------+-----------------+--------------+
Note: For table entries with two numbers listed, the numbers in parentheses indicate the number of resources of the given type used by the specific entity alone. The numbers listed outside of parentheses indicate the total resources of the given type used by the specific entity and all of its sub-entities in the hierarchy.


+---------------------------------------------------------------------------------------------------------------------------------------------------------------------------------------------------------+
; Analysis & Synthesis RAM Summary                                                                                                                                                                        ;
+-----------------------------------------------------------------------------------------------------+------+------------------+--------------+--------------+--------------+--------------+------+------+
; Name                                                                                                ; Type ; Mode             ; Port A Depth ; Port A Width ; Port B Depth ; Port B Width ; Size ; MIF  ;
+-----------------------------------------------------------------------------------------------------+------+------------------+--------------+--------------+--------------+--------------+------+------+
; bram_1024x8:U_bram_1024x8|altsyncram:altsyncram_component|altsyncram_pms1:auto_generated|ALTSYNCRAM ; AUTO ; Simple Dual Port ; 512          ; 16           ; 1024         ; 8            ; 8192 ; None ;
+-----------------------------------------------------------------------------------------------------+------+------------------+--------------+--------------+--------------+--------------+------+------+


+---------------------------------------------------------------------------------------------------------------------------+
; Analysis & Synthesis IP Cores Summary                                                                                     ;
+--------+--------------+---------+--------------+--------------+-----------------------------------------+-----------------+
; Vendor ; IP Core Name ; Version ; Release Date ; License Type ; Entity Instance                         ; IP Include File ;
+--------+--------------+---------+--------------+--------------+-----------------------------------------+-----------------+
; Altera ; RAM: 2-PORT  ; 18.1    ; N/A          ; N/A          ; |MyFIFO1024x8|bram_1024x8:U_bram_1024x8 ; bram_1024x8.v   ;
+--------+--------------+---------+--------------+--------------+-----------------------------------------+-----------------+


+------------------------------------------------------+
; General Register Statistics                          ;
+----------------------------------------------+-------+
; Statistic                                    ; Value ;
+----------------------------------------------+-------+
; Total registers                              ; 97    ;
; Number of registers using Synchronous Clear  ; 0     ;
; Number of registers using Synchronous Load   ; 0     ;
; Number of registers using Asynchronous Clear ; 97    ;
; Number of registers using Asynchronous Load  ; 0     ;
; Number of registers using Clock Enable       ; 19    ;
; Number of registers using Preset             ; 0     ;
+----------------------------------------------+-------+


+--------------------------------------------------+
; Inverted Register Statistics                     ;
+----------------------------------------+---------+
; Inverted Register                      ; Fan out ;
+----------------------------------------+---------+
; MyFIFO_Ctrl:U_MyFIFO_Ctrl|Empty        ; 2       ;
; Total number of inverted registers = 1 ;         ;
+----------------------------------------+---------+


+-----------------------------------------------------------------------------------------------------------------+
; Source assignments for bram_1024x8:U_bram_1024x8|altsyncram:altsyncram_component|altsyncram_pms1:auto_generated ;
+---------------------------------+--------------------+------+---------------------------------------------------+
; Assignment                      ; Value              ; From ; To                                                ;
+---------------------------------+--------------------+------+---------------------------------------------------+
; OPTIMIZE_POWER_DURING_SYNTHESIS ; NORMAL_COMPILATION ; -    ; -                                                 ;
+---------------------------------+--------------------+------+---------------------------------------------------+


+------------------------------------------------------------------------------+
; Parameter Settings for User Entity Instance: Top-level Entity: |MyFIFO1024x8 ;
+----------------+-------+-----------------------------------------------------+
; Parameter Name ; Value ; Type                                                ;
+----------------+-------+-----------------------------------------------------+
; Wdata_Width    ; 16    ; Signed Integer                                      ;
; Rdata_Width    ; 8     ; Signed Integer                                      ;
; Raddr_Width    ; 10    ; Signed Integer                                      ;
; Waddr_Width    ; 9     ; Signed Integer                                      ;
+----------------+-------+-----------------------------------------------------+
Note: In order to hide this table in the UI and the text report file, please set the "Show Parameter Settings in Synthesis Report" option in "Analysis and Synthesis Settings -> More Settings" to "Off".


+------------------------------------------------------------------------+
; Parameter Settings for User Entity Instance: MyFIFO_Ctrl:U_MyFIFO_Ctrl ;
+----------------+-------+-----------------------------------------------+
; Parameter Name ; Value ; Type                                          ;
+----------------+-------+-----------------------------------------------+
; Full_Limit     ; 1020  ; Signed Integer                                ;
; Empty_Limit    ; 4     ; Signed Integer                                ;
; Wdata_Width    ; 16    ; Signed Integer                                ;
; Rdata_Width    ; 8     ; Signed Integer                                ;
; Raddr_Width    ; 10    ; Signed Integer                                ;
; Waddr_Width    ; 9     ; Signed Integer                                ;
+----------------+-------+-----------------------------------------------+
Note: In order to hide this table in the UI and the text report file, please set the "Show Parameter Settings in Synthesis Report" option in "Analysis and Synthesis Settings -> More Settings" to "Off".


+-----------------------------------------------------------------------------------------------+
; Parameter Settings for User Entity Instance: MyFIFO_Ctrl:U_MyFIFO_Ctrl|Norm2Gray:U1_Norm2Gray ;
+----------------+-------+----------------------------------------------------------------------+
; Parameter Name ; Value ; Type                                                                 ;
+----------------+-------+----------------------------------------------------------------------+
; Data_Width     ; 9     ; Signed Integer                                                       ;
+----------------+-------+----------------------------------------------------------------------+
Note: In order to hide this table in the UI and the text report file, please set the "Show Parameter Settings in Synthesis Report" option in "Analysis and Synthesis Settings -> More Settings" to "Off".


+-----------------------------------------------------------------------------------------------+
; Parameter Settings for User Entity Instance: MyFIFO_Ctrl:U_MyFIFO_Ctrl|Norm2Gray:U2_Norm2Gray ;
+----------------+-------+----------------------------------------------------------------------+
; Parameter Name ; Value ; Type                                                                 ;
+----------------+-------+----------------------------------------------------------------------+
; Data_Width     ; 10    ; Signed Integer                                                       ;
+----------------+-------+----------------------------------------------------------------------+
Note: In order to hide this table in the UI and the text report file, please set the "Show Parameter Settings in Synthesis Report" option in "Analysis and Synthesis Settings -> More Settings" to "Off".


+-----------------------------------------------------------------------------------------------+
; Parameter Settings for User Entity Instance: MyFIFO_Ctrl:U_MyFIFO_Ctrl|Gray2Norm:U1_Gray2Norm ;
+----------------+-------+----------------------------------------------------------------------+
; Parameter Name ; Value ; Type                                                                 ;
+----------------+-------+----------------------------------------------------------------------+
; Data_Width     ; 10    ; Signed Integer                                                       ;
+----------------+-------+----------------------------------------------------------------------+
Note: In order to hide this table in the UI and the text report file, please set the "Show Parameter Settings in Synthesis Report" option in "Analysis and Synthesis Settings -> More Settings" to "Off".


+-----------------------------------------------------------------------------------------------+
; Parameter Settings for User Entity Instance: MyFIFO_Ctrl:U_MyFIFO_Ctrl|Gray2Norm:U2_Gray2Norm ;
+----------------+-------+----------------------------------------------------------------------+
; Parameter Name ; Value ; Type                                                                 ;
+----------------+-------+----------------------------------------------------------------------+
; Data_Width     ; 9     ; Signed Integer                                                       ;
+----------------+-------+----------------------------------------------------------------------+
Note: In order to hide this table in the UI and the text report file, please set the "Show Parameter Settings in Synthesis Report" option in "Analysis and Synthesis Settings -> More Settings" to "Off".


+--------------------------------------------------------------------------------------------------------+
; Parameter Settings for User Entity Instance: bram_1024x8:U_bram_1024x8|altsyncram:altsyncram_component ;
+------------------------------------+----------------------+--------------------------------------------+
; Parameter Name                     ; Value                ; Type                                       ;
+------------------------------------+----------------------+--------------------------------------------+
; BYTE_SIZE_BLOCK                    ; 8                    ; Untyped                                    ;
; AUTO_CARRY_CHAINS                  ; ON                   ; AUTO_CARRY                                 ;
; IGNORE_CARRY_BUFFERS               ; OFF                  ; IGNORE_CARRY                               ;
; AUTO_CASCADE_CHAINS                ; ON                   ; AUTO_CASCADE                               ;
; IGNORE_CASCADE_BUFFERS             ; OFF                  ; IGNORE_CASCADE                             ;
; WIDTH_BYTEENA                      ; 1                    ; Untyped                                    ;
; OPERATION_MODE                     ; DUAL_PORT            ; Untyped                                    ;
; WIDTH_A                            ; 16                   ; Signed Integer                             ;
; WIDTHAD_A                          ; 9                    ; Signed Integer                             ;
; NUMWORDS_A                         ; 512                  ; Signed Integer                             ;
; OUTDATA_REG_A                      ; UNREGISTERED         ; Untyped                                    ;
; ADDRESS_ACLR_A                     ; NONE                 ; Untyped                                    ;
; OUTDATA_ACLR_A                     ; NONE                 ; Untyped                                    ;
; WRCONTROL_ACLR_A                   ; NONE                 ; Untyped                                    ;
; INDATA_ACLR_A                      ; NONE                 ; Untyped                                    ;
; BYTEENA_ACLR_A                     ; NONE                 ; Untyped                                    ;
; WIDTH_B                            ; 8                    ; Signed Integer                             ;
; WIDTHAD_B                          ; 10                   ; Signed Integer                             ;
; NUMWORDS_B                         ; 1024                 ; Signed Integer                             ;
; INDATA_REG_B                       ; CLOCK1               ; Untyped                                    ;
; WRCONTROL_WRADDRESS_REG_B          ; CLOCK1               ; Untyped                                    ;
; RDCONTROL_REG_B                    ; CLOCK1               ; Untyped                                    ;
; ADDRESS_REG_B                      ; CLOCK1               ; Untyped                                    ;
; OUTDATA_REG_B                      ; CLOCK1               ; Untyped                                    ;
; BYTEENA_REG_B                      ; CLOCK1               ; Untyped                                    ;
; INDATA_ACLR_B                      ; NONE                 ; Untyped                                    ;
; WRCONTROL_ACLR_B                   ; NONE                 ; Untyped                                    ;
; ADDRESS_ACLR_B                     ; NONE                 ; Untyped                                    ;
; OUTDATA_ACLR_B                     ; NONE                 ; Untyped                                    ;
; RDCONTROL_ACLR_B                   ; NONE                 ; Untyped                                    ;
; BYTEENA_ACLR_B                     ; NONE                 ; Untyped                                    ;
; WIDTH_BYTEENA_A                    ; 1                    ; Signed Integer                             ;
; WIDTH_BYTEENA_B                    ; 1                    ; Untyped                                    ;
; RAM_BLOCK_TYPE                     ; AUTO                 ; Untyped                                    ;
; BYTE_SIZE                          ; 8                    ; Untyped                                    ;
; READ_DURING_WRITE_MODE_MIXED_PORTS ; DONT_CARE            ; Untyped                                    ;
; READ_DURING_WRITE_MODE_PORT_A      ; NEW_DATA_NO_NBE_READ ; Untyped                                    ;
; READ_DURING_WRITE_MODE_PORT_B      ; NEW_DATA_NO_NBE_READ ; Untyped                                    ;
; INIT_FILE                          ; UNUSED               ; Untyped                                    ;
; INIT_FILE_LAYOUT                   ; PORT_A               ; Untyped                                    ;
; MAXIMUM_DEPTH                      ; 0                    ; Untyped                                    ;
; CLOCK_ENABLE_INPUT_A               ; BYPASS               ; Untyped                                    ;
; CLOCK_ENABLE_INPUT_B               ; BYPASS               ; Untyped                                    ;
; CLOCK_ENABLE_OUTPUT_A              ; NORMAL               ; Untyped                                    ;
; CLOCK_ENABLE_OUTPUT_B              ; BYPASS               ; Untyped                                    ;
; CLOCK_ENABLE_CORE_A                ; USE_INPUT_CLKEN      ; Untyped                                    ;
; CLOCK_ENABLE_CORE_B                ; USE_INPUT_CLKEN      ; Untyped                                    ;
; ENABLE_ECC                         ; FALSE                ; Untyped                                    ;
; ECC_PIPELINE_STAGE_ENABLED         ; FALSE                ; Untyped                                    ;
; WIDTH_ECCSTATUS                    ; 3                    ; Untyped                                    ;
; DEVICE_FAMILY                      ; Cyclone V            ; Untyped                                    ;
; CBXI_PARAMETER                     ; altsyncram_pms1      ; Untyped                                    ;
+------------------------------------+----------------------+--------------------------------------------+
Note: In order to hide this table in the UI and the text report file, please set the "Show Parameter Settings in Synthesis Report" option in "Analysis and Synthesis Settings -> More Settings" to "Off".


+-------------------------------------------------------------------------------------------------------+
; altsyncram Parameter Settings by Entity Instance                                                      ;
+-------------------------------------------+-----------------------------------------------------------+
; Name                                      ; Value                                                     ;
+-------------------------------------------+-----------------------------------------------------------+
; Number of entity instances                ; 1                                                         ;
; Entity Instance                           ; bram_1024x8:U_bram_1024x8|altsyncram:altsyncram_component ;
;     -- OPERATION_MODE                     ; DUAL_PORT                                                 ;
;     -- WIDTH_A                            ; 16                                                        ;
;     -- NUMWORDS_A                         ; 512                                                       ;
;     -- OUTDATA_REG_A                      ; UNREGISTERED                                              ;
;     -- WIDTH_B                            ; 8                                                         ;
;     -- NUMWORDS_B                         ; 1024                                                      ;
;     -- ADDRESS_REG_B                      ; CLOCK1                                                    ;
;     -- OUTDATA_REG_B                      ; CLOCK1                                                    ;
;     -- RAM_BLOCK_TYPE                     ; AUTO                                                      ;
;     -- READ_DURING_WRITE_MODE_MIXED_PORTS ; DONT_CARE                                                 ;
+-------------------------------------------+-----------------------------------------------------------+


+------------------------------------------------------------------------------------------------------------------+
; Port Connectivity Checks: "MyFIFO_Ctrl:U_MyFIFO_Ctrl"                                                            ;
+--------+--------+----------+-------------------------------------------------------------------------------------+
; Port   ; Type   ; Severity ; Details                                                                             ;
+--------+--------+----------+-------------------------------------------------------------------------------------+
; RAM_We ; Output ; Info     ; Connected to dangling logic. Logic that only feeds a dangling port will be removed. ;
+--------+--------+----------+-------------------------------------------------------------------------------------+


+-----------------------------------------------------+
; Post-Synthesis Netlist Statistics for Top Partition ;
+-----------------------+-----------------------------+
; Type                  ; Count                       ;
+-----------------------+-----------------------------+
; arriav_ff             ; 97                          ;
;     CLR               ; 78                          ;
;     ENA CLR           ; 19                          ;
; arriav_lcell_comb     ; 78                          ;
;     arith             ; 37                          ;
;         1 data inputs ; 17                          ;
;         2 data inputs ; 20                          ;
;     normal            ; 41                          ;
;         1 data inputs ; 3                           ;
;         2 data inputs ; 21                          ;
;         3 data inputs ; 5                           ;
;         4 data inputs ; 4                           ;
;         5 data inputs ; 4                           ;
;         6 data inputs ; 4                           ;
; boundary_port         ; 31                          ;
; stratixv_ram_block    ; 8                           ;
;                       ;                             ;
; Max LUT depth         ; 3.40                        ;
; Average LUT depth     ; 1.51                        ;
+-----------------------+-----------------------------+


+-------------------------------+
; Elapsed Time Per Partition    ;
+----------------+--------------+
; Partition Name ; Elapsed Time ;
+----------------+--------------+
; Top            ; 00:00:01     ;
+----------------+--------------+


+-------------------------------+
; Analysis & Synthesis Messages ;
+-------------------------------+
Info: *******************************************************************
Info: Running Quartus Prime Analysis & Synthesis
    Info: Version 18.1.1 Build 646 04/11/2019 SJ Standard Edition
    Info: Processing started: Sat Aug 03 18:20:30 2019
Info: Command: quartus_map --read_settings_files=on --write_settings_files=off MyFIFO1024x8 -c MyFIFO1024x8
Warning (18236): Number of processors has not been specified which may cause overloading on shared machines.  Set the global assignment NUM_PARALLEL_PROCESSORS in your QSF to an appropriate value for best performance.
Info (20030): Parallel compilation is enabled and will use 4 of the 4 processors detected
Info (12021): Found 2 design units, including 2 entities, in source file /users/xuboy/desktop/sdram/src/fifo/ngm_lib.v
    Info (12023): Found entity 1: Norm2Gray File: C:/Users/xuboy/Desktop/sdram/src/fifo/NGM_Lib.v Line: 1
    Info (12023): Found entity 2: Gray2Norm File: C:/Users/xuboy/Desktop/sdram/src/fifo/NGM_Lib.v Line: 10
Info (12021): Found 1 design units, including 1 entities, in source file /users/xuboy/desktop/sdram/src/fifo/myfifo1024x8.v
    Info (12023): Found entity 1: MyFIFO1024x8 File: C:/Users/xuboy/Desktop/sdram/src/fifo/MyFIFO1024x8.v Line: 1
Info (12021): Found 1 design units, including 1 entities, in source file /users/xuboy/desktop/sdram/src/fifo/myfifo_ctrl.v
    Info (12023): Found entity 1: MyFIFO_Ctrl File: C:/Users/xuboy/Desktop/sdram/src/fifo/MyFIFO_Ctrl.v Line: 1
Info (12021): Found 1 design units, including 1 entities, in source file bram_1024x8.v
    Info (12023): Found entity 1: bram_1024x8 File: C:/Users/xuboy/Desktop/sdram/src/fifo/proj/MyFIFO1024x8/bram_1024x8.v Line: 40
Info (12127): Elaborating entity "MyFIFO1024x8" for the top level hierarchy
Info (12128): Elaborating entity "MyFIFO_Ctrl" for hierarchy "MyFIFO_Ctrl:U_MyFIFO_Ctrl" File: C:/Users/xuboy/Desktop/sdram/src/fifo/MyFIFO1024x8.v Line: 44
Info (12128): Elaborating entity "Norm2Gray" for hierarchy "MyFIFO_Ctrl:U_MyFIFO_Ctrl|Norm2Gray:U1_Norm2Gray" File: C:/Users/xuboy/Desktop/sdram/src/fifo/MyFIFO_Ctrl.v Line: 49
Info (12128): Elaborating entity "Norm2Gray" for hierarchy "MyFIFO_Ctrl:U_MyFIFO_Ctrl|Norm2Gray:U2_Norm2Gray" File: C:/Users/xuboy/Desktop/sdram/src/fifo/MyFIFO_Ctrl.v Line: 83
Info (12128): Elaborating entity "Gray2Norm" for hierarchy "MyFIFO_Ctrl:U_MyFIFO_Ctrl|Gray2Norm:U1_Gray2Norm" File: C:/Users/xuboy/Desktop/sdram/src/fifo/MyFIFO_Ctrl.v Line: 119
Info (12128): Elaborating entity "Gray2Norm" for hierarchy "MyFIFO_Ctrl:U_MyFIFO_Ctrl|Gray2Norm:U2_Gray2Norm" File: C:/Users/xuboy/Desktop/sdram/src/fifo/MyFIFO_Ctrl.v Line: 173
Info (12128): Elaborating entity "bram_1024x8" for hierarchy "bram_1024x8:U_bram_1024x8" File: C:/Users/xuboy/Desktop/sdram/src/fifo/MyFIFO1024x8.v Line: 55
Info (12128): Elaborating entity "altsyncram" for hierarchy "bram_1024x8:U_bram_1024x8|altsyncram:altsyncram_component" File: C:/Users/xuboy/Desktop/sdram/src/fifo/proj/MyFIFO1024x8/bram_1024x8.v Line: 94
Info (12130): Elaborated megafunction instantiation "bram_1024x8:U_bram_1024x8|altsyncram:altsyncram_component" File: C:/Users/xuboy/Desktop/sdram/src/fifo/proj/MyFIFO1024x8/bram_1024x8.v Line: 94
Info (12133): Instantiated megafunction "bram_1024x8:U_bram_1024x8|altsyncram:altsyncram_component" with the following parameter: File: C:/Users/xuboy/Desktop/sdram/src/fifo/proj/MyFIFO1024x8/bram_1024x8.v Line: 94
    Info (12134): Parameter "address_aclr_b" = "NONE"
    Info (12134): Parameter "address_reg_b" = "CLOCK1"
    Info (12134): Parameter "clock_enable_input_a" = "BYPASS"
    Info (12134): Parameter "clock_enable_input_b" = "BYPASS"
    Info (12134): Parameter "clock_enable_output_b" = "BYPASS"
    Info (12134): Parameter "intended_device_family" = "Cyclone V"
    Info (12134): Parameter "lpm_type" = "altsyncram"
    Info (12134): Parameter "numwords_a" = "512"
    Info (12134): Parameter "numwords_b" = "1024"
    Info (12134): Parameter "operation_mode" = "DUAL_PORT"
    Info (12134): Parameter "outdata_aclr_b" = "NONE"
    Info (12134): Parameter "outdata_reg_b" = "CLOCK1"
    Info (12134): Parameter "power_up_uninitialized" = "FALSE"
    Info (12134): Parameter "rdcontrol_reg_b" = "CLOCK1"
    Info (12134): Parameter "widthad_a" = "9"
    Info (12134): Parameter "widthad_b" = "10"
    Info (12134): Parameter "width_a" = "16"
    Info (12134): Parameter "width_b" = "8"
    Info (12134): Parameter "width_byteena_a" = "1"
Info (12021): Found 1 design units, including 1 entities, in source file db/altsyncram_pms1.tdf
    Info (12023): Found entity 1: altsyncram_pms1 File: C:/Users/xuboy/Desktop/sdram/src/fifo/proj/MyFIFO1024x8/db/altsyncram_pms1.tdf Line: 28
Info (12128): Elaborating entity "altsyncram_pms1" for hierarchy "bram_1024x8:U_bram_1024x8|altsyncram:altsyncram_component|altsyncram_pms1:auto_generated" File: c:/eda/intelfpga/18.1/quartus/libraries/megafunctions/altsyncram.tdf Line: 792
Info (286030): Timing-Driven Synthesis is running
Info (16010): Generating hard_block partition "hard_block:auto_generated_inst"
    Info (16011): Adding 0 node(s), including 0 DDIO, 0 PLL, 0 transceiver and 0 LCELL
Info (21057): Implemented 164 device resources after synthesis - the final resource count might be different
    Info (21058): Implemented 21 input pins
    Info (21059): Implemented 10 output pins
    Info (21061): Implemented 125 logic cells
    Info (21064): Implemented 8 RAM segments
Info: Quartus Prime Analysis & Synthesis was successful. 0 errors, 1 warning
    Info: Peak virtual memory: 4838 megabytes
    Info: Processing ended: Sat Aug 03 18:20:49 2019
    Info: Elapsed time: 00:00:19
    Info: Total CPU time (on all processors): 00:00:29


